[INFO] Scanning for projects...
[INFO] 
[INFO] --------------------------< com.cinema:movie >--------------------------
[INFO] Building movie 0.0.1-SNAPSHOT
[INFO]   from pom.xml
[INFO] --------------------------------[ jar ]---------------------------------
[INFO] 
[INFO] >>> spring-boot-maven-plugin:3.2.0:run (default-cli) > test-compile @ movie >>>
[INFO] 
[INFO] --- maven-resources-plugin:3.3.1:resources (default-resources) @ movie ---
[INFO] Copying 1 resource from src\main\resources to target\classes
[INFO] Copying 0 resource from src\main\resources to target\classes
[INFO] 
[INFO] --- maven-compiler-plugin:3.11.0:compile (default-compile) @ movie ---
[INFO] Nothing to compile - all classes are up to date
[INFO] 
[INFO] --- maven-resources-plugin:3.3.1:testResources (default-testResources) @ movie ---
[INFO] skip non existing resourceDirectory D:\opencode-test\cinema\movie\src\test\resources
[INFO] 
[INFO] --- maven-compiler-plugin:3.11.0:testCompile (default-testCompile) @ movie ---
[INFO] Nothing to compile - all classes are up to date
[INFO] 
[INFO] <<< spring-boot-maven-plugin:3.2.0:run (default-cli) < test-compile @ movie <<<
[INFO] 
[INFO] 
[INFO] --- spring-boot-maven-plugin:3.2.0:run (default-cli) @ movie ---
[INFO] Attaching agents: []

  .   ____          _            __ _ _
 /\\ / ___'_ __ _ _(_)_ __  __ _ \ \ \ \
( ( )\___ | '_ | '_| | '_ \/ _` | \ \ \ \
 \\/  ___)| |_)| | | | | || (_| |  ) ) ) )
  '  |____| .__|_| |_|_| |_\__, | / / / /
 =========|_|==============|___/=/_/_/_/
 :: Spring Boot ::                (v3.2.0)

2026-04-04T12:22:20.788+08:00  INFO 29468 --- [movie] [           main] com.cinema.movie.MovieApplication        : Starting MovieApplication using Java 21.0.5 with PID 29468 (D:\opencode-test\cinema\movie\target\classes started by 15239 in D:\opencode-test\cinema\movie)
2026-04-04T12:22:20.794+08:00  INFO 29468 --- [movie] [           main] com.cinema.movie.MovieApplication        : No active profile set, falling back to 1 default profile: "default"
2026-04-04T12:22:21.472+08:00  INFO 29468 --- [movie] [           main] .s.d.r.c.RepositoryConfigurationDelegate : Bootstrapping Spring Data JPA repositories in DEFAULT mode.
2026-04-04T12:22:21.609+08:00  INFO 29468 --- [movie] [           main] .s.d.r.c.RepositoryConfigurationDelegate : Finished Spring Data repository scanning in 125 ms. Found 6 JPA repository interfaces.
2026-04-04T12:22:22.140+08:00  INFO 29468 --- [movie] [           main] o.s.b.w.embedded.tomcat.TomcatWebServer  : Tomcat initialized with port 8080 (http)
2026-04-04T12:22:22.151+08:00  INFO 29468 --- [movie] [           main] o.apache.catalina.core.StandardService   : Starting service [Tomcat]
2026-04-04T12:22:22.152+08:00  INFO 29468 --- [movie] [           main] o.apache.catalina.core.StandardEngine    : Starting Servlet engine: [Apache Tomcat/10.1.16]
2026-04-04T12:22:22.202+08:00  INFO 29468 --- [movie] [           main] o.a.c.c.C.[Tomcat].[localhost].[/]       : Initializing Spring embedded WebApplicationContext
2026-04-04T12:22:22.203+08:00  INFO 29468 --- [movie] [           main] w.s.c.ServletWebServerApplicationContext : Root WebApplicationContext: initialization completed in 1371 ms
2026-04-04T12:22:22.331+08:00  INFO 29468 --- [movie] [           main] o.hibernate.jpa.internal.util.LogHelper  : HHH000204: Processing PersistenceUnitInfo [name: default]
2026-04-04T12:22:22.372+08:00  INFO 29468 --- [movie] [           main] org.hibernate.Version                    : HHH000412: Hibernate ORM core version 6.3.1.Final
2026-04-04T12:22:22.399+08:00  INFO 29468 --- [movie] [           main] o.h.c.internal.RegionFactoryInitiator    : HHH000026: Second-level cache disabled
2026-04-04T12:22:22.558+08:00  INFO 29468 --- [movie] [           main] o.s.o.j.p.SpringPersistenceUnitInfo      : No LoadTimeWeaver setup: ignoring JPA class transformer
2026-04-04T12:22:22.577+08:00  INFO 29468 --- [movie] [           main] com.zaxxer.hikari.HikariDataSource       : HikariPool-1 - Starting...
2026-04-04T12:22:22.701+08:00  INFO 29468 --- [movie] [           main] com.zaxxer.hikari.pool.HikariPool        : HikariPool-1 - Added connection com.mysql.cj.jdbc.ConnectionImpl@1a7163e3
2026-04-04T12:22:22.703+08:00  INFO 29468 --- [movie] [           main] com.zaxxer.hikari.HikariDataSource       : HikariPool-1 - Start completed.
2026-04-04T12:22:22.742+08:00  WARN 29468 --- [movie] [           main] org.hibernate.orm.deprecation            : HHH90000025: MySQLDialect does not need to be specified explicitly using 'hibernate.dialect' (remove the property setting and it will be selected by default)
2026-04-04T12:22:23.442+08:00  INFO 29468 --- [movie] [           main] o.h.e.t.j.p.i.JtaPlatformInitiator       : HHH000489: No JTA platform available (set 'hibernate.transaction.jta.platform' to enable JTA platform integration)
2026-04-04T12:22:23.511+08:00  INFO 29468 --- [movie] [           main] j.LocalContainerEntityManagerFactoryBean : Initialized JPA EntityManagerFactory for persistence unit 'default'
2026-04-04T12:22:23.880+08:00  WARN 29468 --- [movie] [           main] JpaBaseConfiguration$JpaWebConfiguration : spring.jpa.open-in-view is enabled by default. Therefore, database queries may be performed during view rendering. Explicitly configure spring.jpa.open-in-view to disable this warning
2026-04-04T12:22:23.894+08:00  WARN 29468 --- [movie] [           main] .s.s.UserDetailsServiceAutoConfiguration : 

Using generated security password: ec52d06e-1751-4908-8042-eb1a08a1fbb6

This generated password is for development use only. Your security configuration must be updated before running your application in production.

2026-04-04T12:22:24.085+08:00  INFO 29468 --- [movie] [           main] o.s.s.web.DefaultSecurityFilterChain     : Will secure any request with [org.springframework.security.web.session.DisableEncodeUrlFilter@4c1fed69, org.springframework.security.web.context.request.async.WebAsyncManagerIntegrationFilter@629dfb5a, org.springframework.security.web.context.SecurityContextHolderFilter@5fafd099, org.springframework.security.web.header.HeaderWriterFilter@574134ba, org.springframework.web.filter.CorsFilter@316acbb5, org.springframework.security.web.authentication.logout.LogoutFilter@62a6a47e, com.cinema.movie.config.SecurityConfig$JwtAuthFilter@2489e84a, org.springframework.security.web.savedrequest.RequestCacheAwareFilter@1e9a10e9, org.springframework.security.web.servletapi.SecurityContextHolderAwareRequestFilter@233d2b76, org.springframework.security.web.authentication.AnonymousAuthenticationFilter@2c955487, org.springframework.security.web.session.SessionManagementFilter@2784145d, org.springframework.security.web.access.ExceptionTranslationFilter@36017835, org.springframework.security.web.access.intercept.AuthorizationFilter@2bf0bb93]
2026-04-04T12:22:24.215+08:00  WARN 29468 --- [movie] [           main] ConfigServletWebServerApplicationContext : Exception encountered during context initialization - cancelling refresh attempt: org.springframework.context.ApplicationContextException: Failed to start bean 'webServerStartStop'
2026-04-04T12:22:24.218+08:00  INFO 29468 --- [movie] [           main] j.LocalContainerEntityManagerFactoryBean : Closing JPA EntityManagerFactory for persistence unit 'default'
2026-04-04T12:22:24.219+08:00  INFO 29468 --- [movie] [           main] com.zaxxer.hikari.HikariDataSource       : HikariPool-1 - Shutdown initiated...
2026-04-04T12:22:24.224+08:00  INFO 29468 --- [movie] [           main] com.zaxxer.hikari.HikariDataSource       : HikariPool-1 - Shutdown completed.
2026-04-04T12:22:24.232+08:00  INFO 29468 --- [movie] [           main] .s.b.a.l.ConditionEvaluationReportLogger : 

Error starting ApplicationContext. To display the condition evaluation report re-run your application with 'debug' enabled.
2026-04-04T12:22:24.243+08:00 ERROR 29468 --- [movie] [           main] o.s.b.d.LoggingFailureAnalysisReporter   : 

***************************
APPLICATION FAILED TO START
***************************

Description:

Web server failed to start. Port 8080 was already in use.

Action:

Identify and stop the process that's listening on port 8080 or configure this application to listen on another port.

[INFO] ------------------------------------------------------------------------
[INFO] BUILD FAILURE
[INFO] ------------------------------------------------------------------------
[INFO] Total time:  5.566 s
[INFO] Finished at: 2026-04-04T12:22:24+08:00
[INFO] ------------------------------------------------------------------------
[ERROR] Failed to execute goal org.springframework.boot:spring-boot-maven-plugin:3.2.0:run (default-cli) on project movie: Process terminated with exit code: 1 -> [Help 1]
[ERROR] 
[ERROR] To see the full stack trace of the errors, re-run Maven with the -e switch.
[ERROR] Re-run Maven using the -X switch to enable full debug logging.
[ERROR] 
[ERROR] For more information about the errors and possible solutions, please read the following articles:
[ERROR] [Help 1] http://cwiki.apache.org/confluence/display/MAVEN/MojoExecutionException
